<?xml version="1.0" encoding="UTF-8"?>
<!-- Generated by org.testng.reporters.JUnitReportReporter -->
<testsuite hostname="Govardhan-PC" name="com.gktech.usedcars.UsedCarValuation" tests="2" failures="2" timestamp="2 Mar 2016 07:20:16 GMT" time="0.001" errors="0">
  <testcase name="usedCarValuation" time="0.001" classname="com.gktech.usedcars.UsedCarValuation"/>
  <testcase name="usedCarValuation" time="0.000" classname="com.gktech.usedcars.UsedCarValuation"/>
</testsuite> <!-- com.gktech.usedcars.UsedCarValuation -->
